[     557ms] [WARNING] [Vue warn]: Property "currentPageTitle" was accessed during render but is not defined on instance. 
  at <AdminLayout onVnodeUnmounted=fn<onVnodeUnmounted> ref=Ref< undefined > > 
  at <RouterView> 
  at <App> @ http://localhost:5173/node_modules/.vite/deps/chunk-ZIH63DMU.js?v=fdb04738:2203
[     782ms] TypeError: Failed to execute 'importScripts' on 'WorkerGlobalScope': Module scripts don't support importScripts().
    at http://localhost:5173/src/workers/excelWorker.js?worker_file&type=module:4:1
[   15424ms] [WARNING] [Vue warn]: Property "currentPageTitle" was accessed during render but is not defined on instance. 
  at <AdminLayout onVnodeUnmounted=fn<onVnodeUnmounted> ref=Ref< Proxy(Object) > > 
  at <RouterView> 
  at <App> @ http://localhost:5173/node_modules/.vite/deps/chunk-ZIH63DMU.js?v=fdb04738:2203
[   20154ms] [WARNING] [Vue warn]: Property "currentPageTitle" was accessed during render but is not defined on instance. 
  at <AdminLayout onVnodeUnmounted=fn<onVnodeUnmounted> ref=Ref< Proxy(Object) > > 
  at <RouterView> 
  at <App> @ http://localhost:5173/node_modules/.vite/deps/chunk-ZIH63DMU.js?v=fdb04738:2203
[   22174ms] [WARNING] [Vue warn]: Property "currentPageTitle" was accessed during render but is not defined on instance. 
  at <AdminLayout onVnodeUnmounted=fn<onVnodeUnmounted> ref=Ref< Proxy(Object) > > 
  at <RouterView> 
  at <App> @ http://localhost:5173/node_modules/.vite/deps/chunk-ZIH63DMU.js?v=fdb04738:2203
[   23624ms] [WARNING] [Vue warn]: Property "currentPageTitle" was accessed during render but is not defined on instance. 
  at <AdminLayout onVnodeUnmounted=fn<onVnodeUnmounted> ref=Ref< Proxy(Object) > > 
  at <RouterView> 
  at <App> @ http://localhost:5173/node_modules/.vite/deps/chunk-ZIH63DMU.js?v=fdb04738:2203
[   24588ms] [WARNING] [Vue warn]: Property "currentPageTitle" was accessed during render but is not defined on instance. 
  at <AdminLayout onVnodeUnmounted=fn<onVnodeUnmounted> ref=Ref< Proxy(Object) > > 
  at <RouterView> 
  at <App> @ http://localhost:5173/node_modules/.vite/deps/chunk-ZIH63DMU.js?v=fdb04738:2203
