[    1979ms] [WARNING] [Vue warn]: Property "currentPageTitle" was accessed during render but is not defined on instance. 
  at <AdminLayout onVnodeUnmounted=fn<onVnodeUnmounted> ref=Ref< undefined > > 
  at <RouterView> 
  at <App> @ http://localhost:5173/node_modules/.vite/deps/chunk-ZIH63DMU.js?v=fdb04738:2203
[    2127ms] TypeError: Failed to execute 'importScripts' on 'WorkerGlobalScope': Module scripts don't support importScripts().
    at http://localhost:5173/src/workers/excelWorker.js?worker_file&type=module:4:1
[    9149ms] [WARNING] [Vue warn]: Property "currentPageTitle" was accessed during render but is not defined on instance. 
  at <AdminLayout onVnodeUnmounted=fn<onVnodeUnmounted> ref=Ref< Proxy(Object) > > 
  at <RouterView> 
  at <App> @ http://localhost:5173/node_modules/.vite/deps/chunk-ZIH63DMU.js?v=fdb04738:2203
[   10621ms] [WARNING] [Vue warn]: Property "currentPageTitle" was accessed during render but is not defined on instance. 
  at <AdminLayout onVnodeUnmounted=fn<onVnodeUnmounted> ref=Ref< Proxy(Object) > > 
  at <RouterView> 
  at <App> @ http://localhost:5173/node_modules/.vite/deps/chunk-ZIH63DMU.js?v=fdb04738:2203
[   60625ms] [WARNING] [Vue warn]: Property "currentPageTitle" was accessed during render but is not defined on instance. 
  at <AdminLayout onVnodeUnmounted=fn<onVnodeUnmounted> ref=Ref< Proxy(Object) > > 
  at <RouterView> 
  at <App> @ http://localhost:5173/node_modules/.vite/deps/chunk-ZIH63DMU.js?v=fdb04738:2203
[   61743ms] [WARNING] [Vue warn]: Property "currentPageTitle" was accessed during render but is not defined on instance. 
  at <AdminLayout onVnodeUnmounted=fn<onVnodeUnmounted> ref=Ref< Proxy(Object) > > 
  at <RouterView> 
  at <App> @ http://localhost:5173/node_modules/.vite/deps/chunk-ZIH63DMU.js?v=fdb04738:2203
[   62462ms] [WARNING] [Vue warn]: Property "currentPageTitle" was accessed during render but is not defined on instance. 
  at <AdminLayout onVnodeUnmounted=fn<onVnodeUnmounted> ref=Ref< Proxy(Object) > > 
  at <RouterView> 
  at <App> @ http://localhost:5173/node_modules/.vite/deps/chunk-ZIH63DMU.js?v=fdb04738:2203
[   66475ms] [WARNING] [Vue warn]: Property "currentPageTitle" was accessed during render but is not defined on instance. 
  at <AdminLayout onVnodeUnmounted=fn<onVnodeUnmounted> ref=Ref< Proxy(Object) > > 
  at <RouterView> 
  at <App> @ http://localhost:5173/node_modules/.vite/deps/chunk-ZIH63DMU.js?v=fdb04738:2203
[   66748ms] TypeError: Failed to execute 'importScripts' on 'WorkerGlobalScope': Module scripts don't support importScripts().
    at http://localhost:5173/src/workers/excelWorker.js?worker_file&type=module:4:1
[   68036ms] [WARNING] [Vue warn]: Property "currentPageTitle" was accessed during render but is not defined on instance. 
  at <AdminLayout onVnodeUnmounted=fn<onVnodeUnmounted> ref=Ref< Proxy(Object) > > 
  at <RouterView> 
  at <App> @ http://localhost:5173/node_modules/.vite/deps/chunk-ZIH63DMU.js?v=fdb04738:2203
[   68311ms] TypeError: Failed to execute 'importScripts' on 'WorkerGlobalScope': Module scripts don't support importScripts().
    at http://localhost:5173/src/workers/excelWorker.js?worker_file&type=module:4:1
[   68846ms] [WARNING] [Vue warn]: Property "currentPageTitle" was accessed during render but is not defined on instance. 
  at <AdminLayout onVnodeUnmounted=fn<onVnodeUnmounted> ref=Ref< Proxy(Object) > > 
  at <RouterView> 
  at <App> @ http://localhost:5173/node_modules/.vite/deps/chunk-ZIH63DMU.js?v=fdb04738:2203
[   69098ms] TypeError: Failed to execute 'importScripts' on 'WorkerGlobalScope': Module scripts don't support importScripts().
    at http://localhost:5173/src/workers/excelWorker.js?worker_file&type=module:4:1
[   69891ms] [WARNING] [Vue warn]: Property "currentPageTitle" was accessed during render but is not defined on instance. 
  at <AdminLayout onVnodeUnmounted=fn<onVnodeUnmounted> ref=Ref< Proxy(Object) > > 
  at <RouterView> 
  at <App> @ http://localhost:5173/node_modules/.vite/deps/chunk-ZIH63DMU.js?v=fdb04738:2203
[   70161ms] TypeError: Failed to execute 'importScripts' on 'WorkerGlobalScope': Module scripts don't support importScripts().
    at http://localhost:5173/src/workers/excelWorker.js?worker_file&type=module:4:1
[   70558ms] [WARNING] [Vue warn]: Property "currentPageTitle" was accessed during render but is not defined on instance. 
  at <AdminLayout onVnodeUnmounted=fn<onVnodeUnmounted> ref=Ref< Proxy(Object) > > 
  at <RouterView> 
  at <App> @ http://localhost:5173/node_modules/.vite/deps/chunk-ZIH63DMU.js?v=fdb04738:2203
[   70817ms] TypeError: Failed to execute 'importScripts' on 'WorkerGlobalScope': Module scripts don't support importScripts().
    at http://localhost:5173/src/workers/excelWorker.js?worker_file&type=module:4:1
[   71362ms] [WARNING] [Vue warn]: Property "currentPageTitle" was accessed during render but is not defined on instance. 
  at <AdminLayout onVnodeUnmounted=fn<onVnodeUnmounted> ref=Ref< Proxy(Object) > > 
  at <RouterView> 
  at <App> @ http://localhost:5173/node_modules/.vite/deps/chunk-ZIH63DMU.js?v=fdb04738:2203
[   71630ms] TypeError: Failed to execute 'importScripts' on 'WorkerGlobalScope': Module scripts don't support importScripts().
    at http://localhost:5173/src/workers/excelWorker.js?worker_file&type=module:4:1
[   71921ms] [WARNING] [Vue warn]: Property "currentPageTitle" was accessed during render but is not defined on instance. 
  at <AdminLayout onVnodeUnmounted=fn<onVnodeUnmounted> ref=Ref< Proxy(Object) > > 
  at <RouterView> 
  at <App> @ http://localhost:5173/node_modules/.vite/deps/chunk-ZIH63DMU.js?v=fdb04738:2203
[   72214ms] TypeError: Failed to execute 'importScripts' on 'WorkerGlobalScope': Module scripts don't support importScripts().
    at http://localhost:5173/src/workers/excelWorker.js?worker_file&type=module:4:1
[   72894ms] [WARNING] [Vue warn]: Property "currentPageTitle" was accessed during render but is not defined on instance. 
  at <AdminLayout onVnodeUnmounted=fn<onVnodeUnmounted> ref=Ref< Proxy(Object) > > 
  at <RouterView> 
  at <App> @ http://localhost:5173/node_modules/.vite/deps/chunk-ZIH63DMU.js?v=fdb04738:2203
[   73163ms] TypeError: Failed to execute 'importScripts' on 'WorkerGlobalScope': Module scripts don't support importScripts().
    at http://localhost:5173/src/workers/excelWorker.js?worker_file&type=module:4:1
[   73597ms] [WARNING] [Vue warn]: Property "currentPageTitle" was accessed during render but is not defined on instance. 
  at <AdminLayout onVnodeUnmounted=fn<onVnodeUnmounted> ref=Ref< Proxy(Object) > > 
  at <RouterView> 
  at <App> @ http://localhost:5173/node_modules/.vite/deps/chunk-ZIH63DMU.js?v=fdb04738:2203
[   74741ms] [WARNING] [Vue warn]: Property "currentPageTitle" was accessed during render but is not defined on instance. 
  at <AdminLayout onVnodeUnmounted=fn<onVnodeUnmounted> ref=Ref< Proxy(Object) > > 
  at <RouterView> 
  at <App> @ http://localhost:5173/node_modules/.vite/deps/chunk-ZIH63DMU.js?v=fdb04738:2203
[   75787ms] [WARNING] [Vue warn]: Property "currentPageTitle" was accessed during render but is not defined on instance. 
  at <AdminLayout onVnodeUnmounted=fn<onVnodeUnmounted> ref=Ref< Proxy(Object) > > 
  at <RouterView> 
  at <App> @ http://localhost:5173/node_modules/.vite/deps/chunk-ZIH63DMU.js?v=fdb04738:2203
